Generated at 2023-06-05 16:13:05 +0000
SyntaxError: /home/ubuntu/chef/cookbooks/main/recipes/default.rb:56: syntax error, unexpected end-of-input, expecting `end'
/opt/chef-workstation/embedded/lib/ruby/gems/3.1.0/gems/chef-18.2.7/lib/chef/mixin/from_file.rb:34:in `instance_eval'
/opt/chef-workstation/embedded/lib/ruby/gems/3.1.0/gems/chef-18.2.7/lib/chef/mixin/from_file.rb:34:in `from_file'
/opt/chef-workstation/embedded/lib/ruby/gems/3.1.0/gems/chef-18.2.7/lib/chef/cookbook_version.rb:233:in `load_ruby_recipe'
/opt/chef-workstation/embedded/lib/ruby/gems/3.1.0/gems/chef-18.2.7/lib/chef/cookbook_version.rb:203:in `load_recipe'
/opt/chef-workstation/embedded/lib/ruby/gems/3.1.0/gems/chef-18.2.7/lib/chef/run_context.rb:429:in `load_recipe'
/opt/chef-workstation/embedded/lib/ruby/gems/3.1.0/gems/chef-18.2.7/lib/chef/run_context/cookbook_compiler.rb:228:in `block in compile_recipes'
/opt/chef-workstation/embedded/lib/ruby/gems/3.1.0/gems/chef-18.2.7/lib/chef/run_context/cookbook_compiler.rb:225:in `each'
/opt/chef-workstation/embedded/lib/ruby/gems/3.1.0/gems/chef-18.2.7/lib/chef/run_context/cookbook_compiler.rb:225:in `compile_recipes'
/opt/chef-workstation/embedded/lib/ruby/gems/3.1.0/gems/chef-18.2.7/lib/chef/run_context/cookbook_compiler.rb:109:in `compile'
/opt/chef-workstation/embedded/lib/ruby/gems/3.1.0/gems/chef-18.2.7/lib/chef/run_context.rb:259:in `load'
/opt/chef-workstation/embedded/lib/ruby/gems/3.1.0/gems/chef-18.2.7/lib/chef/policy_builder/expand_node_object.rb:103:in `setup_run_context'
/opt/chef-workstation/embedded/lib/ruby/3.1.0/forwardable.rb:238:in `setup_run_context'
/opt/chef-workstation/embedded/lib/ruby/gems/3.1.0/gems/chef-18.2.7/lib/chef/client.rb:508:in `setup_run_context'
/opt/chef-workstation/embedded/lib/ruby/gems/3.1.0/gems/chef-18.2.7/lib/chef/client.rb:294:in `run'
/opt/chef-workstation/embedded/lib/ruby/gems/3.1.0/gems/chef-18.2.7/lib/chef/application.rb:305:in `run_with_graceful_exit_option'
/opt/chef-workstation/embedded/lib/ruby/gems/3.1.0/gems/chef-18.2.7/lib/chef/application.rb:281:in `block in run_chef_client'
/opt/chef-workstation/embedded/lib/ruby/gems/3.1.0/gems/chef-18.2.7/lib/chef/local_mode.rb:42:in `with_server_connectivity'
/opt/chef-workstation/embedded/lib/ruby/gems/3.1.0/gems/chef-18.2.7/lib/chef/application.rb:264:in `run_chef_client'
/opt/chef-workstation/embedded/lib/ruby/gems/3.1.0/gems/chef-18.2.7/lib/chef/application/base.rb:352:in `run_application'
/opt/chef-workstation/embedded/lib/ruby/gems/3.1.0/gems/chef-18.2.7/lib/chef/application.rb:67:in `run'
/opt/chef-workstation/embedded/lib/ruby/gems/3.1.0/gems/chef-18.2.7/lib/chef/application/solo.rb:60:in `run'
/opt/chef-workstation/embedded/lib/ruby/gems/3.1.0/gems/chef-bin-18.2.7/bin/chef-solo:24:in `<top (required)>'
/usr/bin/chef-solo:410:in `load'
/usr/bin/chef-solo:410:in `<main>'